[pxdraft.com/themeforest/tailwind/alexio/index.html]
[backblue.gif]
[fade.gif]
[index.html]
[pxdraft.com/themeforest/tailwind/alexio/favicon.ico]
[pxdraft.com/themeforest/tailwind/alexio/assets/img/home-banner.png]
[pxdraft.com/themeforest/tailwind/alexio/assets/img/title-1.jpg]
[pxdraft.com/themeforest/tailwind/alexio/assets/img/about-me.jpg]
[pxdraft.com/themeforest/tailwind/alexio/assets/img/title-2.jpg]
[pxdraft.com/themeforest/tailwind/alexio/assets/img/title-3.jpg]
[pxdraft.com/themeforest/tailwind/alexio/assets/img/project-1.jpg]
[pxdraft.com/themeforest/tailwind/alexio/assets/img/project-2.jpg]
[pxdraft.com/themeforest/tailwind/alexio/assets/img/project-3.jpg]
[pxdraft.com/themeforest/tailwind/alexio/assets/img/project-4.jpg]
[pxdraft.com/themeforest/tailwind/alexio/assets/img/project-5.jpg]
[pxdraft.com/themeforest/tailwind/alexio/assets/img/project-6.jpg]
[pxdraft.com/themeforest/tailwind/alexio/assets/img/avatar-4.jpg]
[pxdraft.com/themeforest/tailwind/alexio/assets/img/avatar-3.jpg]
[pxdraft.com/themeforest/tailwind/alexio/assets/img/avatar-2.jpg]
[pxdraft.com/themeforest/tailwind/alexio/assets/img/title-4.jpg]
[pxdraft.com/themeforest/tailwind/alexio/index.html]
[pxdraft.com/themeforest/tailwind/alexio/assets/vendor/font-awesome/webfonts/fa-brands-400.eot]
[pxdraft.com/themeforest/tailwind/alexio/assets/vendor/font-awesome/webfonts/fa-brands-400d41d.eot]
[pxdraft.com/themeforest/tailwind/alexio/assets/vendor/font-awesome/webfonts/fa-brands-400.woff2]
[pxdraft.com/themeforest/tailwind/alexio/assets/vendor/font-awesome/webfonts/fa-brands-400.woff]
[pxdraft.com/themeforest/tailwind/alexio/assets/vendor/font-awesome/webfonts/fa-brands-400.ttf]
[pxdraft.com/themeforest/tailwind/alexio/assets/vendor/font-awesome/webfonts/fa-regular-400.eot]
[pxdraft.com/themeforest/tailwind/alexio/assets/vendor/font-awesome/webfonts/fa-regular-400d41d.eot]
[pxdraft.com/themeforest/tailwind/alexio/assets/vendor/font-awesome/webfonts/fa-regular-400.woff2]
[pxdraft.com/themeforest/tailwind/alexio/assets/vendor/font-awesome/webfonts/fa-regular-400.woff]
[pxdraft.com/themeforest/tailwind/alexio/assets/vendor/font-awesome/webfonts/fa-regular-400.ttf]
[pxdraft.com/themeforest/tailwind/alexio/assets/vendor/font-awesome/webfonts/fa-solid-900.eot]
[pxdraft.com/themeforest/tailwind/alexio/assets/vendor/font-awesome/webfonts/fa-solid-900d41d.eot]
[pxdraft.com/themeforest/tailwind/alexio/assets/vendor/font-awesome/webfonts/fa-solid-900.woff2]
[pxdraft.com/themeforest/tailwind/alexio/assets/vendor/font-awesome/webfonts/fa-solid-900.woff]
[pxdraft.com/themeforest/tailwind/alexio/assets/vendor/font-awesome/webfonts/fa-solid-900.ttf]
[pxdraft.com/themeforest/tailwind/alexio/assets/vendor/font-awesome/css/all.min.css]
[pxdraft.com/themeforest/tailwind/alexio/assets/vendor/themify-icons/fonts/themify9f24.eot]
[pxdraft.com/themeforest/tailwind/alexio/assets/vendor/themify-icons/fonts/themifyd41d.eot]
[pxdraft.com/themeforest/tailwind/alexio/assets/vendor/themify-icons/fonts/themify9f24.woff]
[pxdraft.com/themeforest/tailwind/alexio/assets/vendor/themify-icons/fonts/themify9f24.ttf]
[pxdraft.com/themeforest/tailwind/alexio/assets/vendor/themify-icons/themify-icons.css]
[www.pxdraft.com/themeforest/tailwind/alexio/assets/vendor/owl-carousel/css/owl.video.play.37.delayed]
[pxdraft.com/themeforest/tailwind/alexio/assets/vendor/owl-carousel/css/owl.carousel.min.css]
[pxdraft.com/themeforest/tailwind/alexio/assets/vendor/magnific/magnific-popup.css]
[pxdraft.com/themeforest/tailwind/alexio/assets/vendor/nav/css/component.css]
[pxdraft.com/themeforest/tailwind/alexio/assets/css/main.css]
[pxdraft.com/themeforest/tailwind/alexio/assets/vendor/nav/js/modernizr-custom.js]
[pxdraft.com/themeforest/tailwind/alexio/assets/js/jquery-3.5.1.min.js]
[pxdraft.com/themeforest/tailwind/alexio/assets/vendor/owl-carousel/js/owl.carousel.min.js]
[pxdraft.com/themeforest/tailwind/alexio/assets/vendor/typeit-master/typeit.min.js]
[pxdraft.com/themeforest/tailwind/alexio/assets/vendor/isotope/isotope.pkgd.min.js]
[pxdraft.com/themeforest/tailwind/alexio/assets/vendor/magnific/jquery.magnific-popup.min.js]
[pxdraft.com/themeforest/tailwind/alexio/assets/vendor/nav/js/classie.js]
[pxdraft.com/themeforest/tailwind/alexio/assets/vendor/nav/js/main.js]
[pxdraft.com/themeforest/tailwind/alexio/assets/js/custom.js]
[pxdraft.com/themeforest/tailwind/alexio/assets/vendor/font-awesome/webfonts/fa-brands-400.svg]
[pxdraft.com/themeforest/tailwind/alexio/assets/vendor/font-awesome/webfonts/fa-regular-400.svg]
[pxdraft.com/themeforest/tailwind/alexio/assets/vendor/font-awesome/webfonts/fa-solid-900.svg]
[pxdraft.com/themeforest/tailwind/alexio/assets/vendor/themify-icons/fonts/themify9f24.svg]
[www.pxdraft.com/themeforest/tailwind/alexio/assets/vendor/owl-carousel/css/owl.video.play.html]
